# JRE version: Java(TM) SE Runtime Environment (8.0_241-b07) (build 1.8.0_241-b07)
# Java VM: Java HotSpot(TM) 64-Bit Server VM (25.241-b07 mixed mode windows-amd64 compressed oops)
Heap:
 PSYoungGen      total 148992K, used 27772K [0x00000000d5b80000, 0x00000000df680000, 0x0000000100000000)
  eden space 139264K, 19% used [0x00000000d5b80000,0x00000000d769f2e8,0x00000000de380000)
  from space 9728K, 0% used [0x00000000de380000,0x00000000de380000,0x00000000ded00000)
  to   space 7680K, 0% used [0x00000000def00000,0x00000000def00000,0x00000000df680000)
 ParOldGen       total 75776K, used 17019K [0x0000000081200000, 0x0000000085c00000, 0x00000000d5b80000)
  object space 75776K, 22% used [0x0000000081200000,0x000000008229ee80,0x0000000085c00000)
 Metaspace       used 38644K, capacity 39380K, committed 39512K, reserved 1083392K
  class space    used 4812K, capacity 4980K, committed 4992K, reserved 1048576K
GC Heap History (10 events):
Event: 10.454 GC heap before
{Heap before GC invocations=11 (full 1):
 PSYoungGen      total 72704K, used 70147K [0x00000000d5b80000, 0x00000000dcd00000, 0x0000000100000000)
  eden space 62464K, 100% used [0x00000000d5b80000,0x00000000d9880000,0x00000000d9880000)
  from space 10240K, 75% used [0x00000000d9880000,0x00000000da000ec0,0x00000000da280000)
  to   space 10752K, 0% used [0x00000000dc280000,0x00000000dc280000,0x00000000dcd00000)
 ParOldGen       total 47104K, used 6956K [0x0000000081200000, 0x0000000084000000, 0x00000000d5b80000)
  object space 47104K, 14% used [0x0000000081200000,0x00000000818cb2a0,0x0000000084000000)
 Metaspace       used 31383K, capacity 32036K, committed 32256K, reserved 1077248K
  class space    used 3929K, capacity 4046K, committed 4096K, reserved 1048576K
Event: 10.466 GC heap after
Heap after GC invocations=11 (full 1):
 PSYoungGen      total 103424K, used 5487K [0x00000000d5b80000, 0x00000000dcb80000, 0x0000000100000000)
  eden space 94208K, 0% used [0x00000000d5b80000,0x00000000d5b80000,0x00000000db780000)
  from space 9216K, 59% used [0x00000000dc280000,0x00000000dc7dbc48,0x00000000dcb80000)
  to   space 10240K, 0% used [0x00000000db780000,0x00000000db780000,0x00000000dc180000)
 ParOldGen       total 47104K, used 9236K [0x0000000081200000, 0x0000000084000000, 0x00000000d5b80000)
  object space 47104K, 19% used [0x0000000081200000,0x0000000081b052a0,0x0000000084000000)
 Metaspace       used 31383K, capacity 32036K, committed 32256K, reserved 1077248K
  class space    used 3929K, capacity 4046K, committed 4096K, reserved 1048576K
}
Event: 11.276 GC heap before
{Heap before GC invocations=12 (full 1):
 PSYoungGen      total 103424K, used 99695K [0x00000000d5b80000, 0x00000000dcb80000, 0x0000000100000000)
  eden space 94208K, 100% used [0x00000000d5b80000,0x00000000db780000,0x00000000db780000)
  from space 9216K, 59% used [0x00000000dc280000,0x00000000dc7dbc48,0x00000000dcb80000)
  to   space 10240K, 0% used [0x00000000db780000,0x00000000db780000,0x00000000dc180000)
 ParOldGen       total 47104K, used 9236K [0x0000000081200000, 0x0000000084000000, 0x00000000d5b80000)
  object space 47104K, 19% used [0x0000000081200000,0x0000000081b052a0,0x0000000084000000)
 Metaspace       used 32755K, capacity 33502K, committed 33792K, reserved 1079296K
  class space    used 4072K, capacity 4249K, committed 4352K, reserved 1048576K
Event: 11.290 GC heap after
Heap after GC invocations=12 (full 1):
 PSYoungGen      total 104448K, used 2241K [0x00000000d5b80000, 0x00000000df900000, 0x0000000100000000)
  eden space 94208K, 0% used [0x00000000d5b80000,0x00000000d5b80000,0x00000000db780000)
  from space 10240K, 21% used [0x00000000db780000,0x00000000db9b0538,0x00000000dc180000)
  to   space 10240K, 0% used [0x00000000def00000,0x00000000def00000,0x00000000df900000)
 ParOldGen       total 47104K, used 12988K [0x0000000081200000, 0x0000000084000000, 0x00000000d5b80000)
  object space 47104K, 27% used [0x0000000081200000,0x0000000081eaf270,0x0000000084000000)
 Metaspace       used 32755K, capacity 33502K, committed 33792K, reserved 1079296K
  class space    used 4072K, capacity 4249K, committed 4352K, reserved 1048576K
}
Event: 12.435 GC heap before
{Heap before GC invocations=13 (full 1):
 PSYoungGen      total 104448K, used 96449K [0x00000000d5b80000, 0x00000000df900000, 0x0000000100000000)
  eden space 94208K, 100% used [0x00000000d5b80000,0x00000000db780000,0x00000000db780000)
  from space 10240K, 21% used [0x00000000db780000,0x00000000db9b0538,0x00000000dc180000)
  to   space 10240K, 0% used [0x00000000def00000,0x00000000def00000,0x00000000df900000)
 ParOldGen       total 47104K, used 12988K [0x0000000081200000, 0x0000000084000000, 0x00000000d5b80000)
  object space 47104K, 27% used [0x0000000081200000,0x0000000081eaf270,0x0000000084000000)
 Metaspace       used 33815K, capacity 34456K, committed 34560K, reserved 1079296K
  class space    used 4200K, capacity 4348K, committed 4352K, reserved 1048576K
Event: 12.449 GC heap after
Heap after GC invocations=13 (full 1):
 PSYoungGen      total 146944K, used 4195K [0x00000000d5b80000, 0x00000000df680000, 0x0000000100000000)
  eden space 139264K, 0% used [0x00000000d5b80000,0x00000000d5b80000,0x00000000de380000)
  from space 7680K, 54% used [0x00000000def00000,0x00000000df318e30,0x00000000df680000)
  to   space 9728K, 0% used [0x00000000de380000,0x00000000de380000,0x00000000ded00000)
 ParOldGen       total 47104K, used 14308K [0x0000000081200000, 0x0000000084000000, 0x00000000d5b80000)
  object space 47104K, 30% used [0x0000000081200000,0x0000000081ff9270,0x0000000084000000)
 Metaspace       used 33815K, capacity 34456K, committed 34560K, reserved 1079296K
  class space    used 4200K, capacity 4348K, committed 4352K, reserved 1048576K
}
Event: 12.827 GC heap before
{Heap before GC invocations=14 (full 1):
 PSYoungGen      total 146944K, used 20877K [0x00000000d5b80000, 0x00000000df680000, 0x0000000100000000)
  eden space 139264K, 11% used [0x00000000d5b80000,0x00000000d6bca608,0x00000000de380000)
  from space 7680K, 54% used [0x00000000def00000,0x00000000df318e30,0x00000000df680000)
  to   space 9728K, 0% used [0x00000000de380000,0x00000000de380000,0x00000000ded00000)
 ParOldGen       total 47104K, used 14308K [0x0000000081200000, 0x0000000084000000, 0x00000000d5b80000)
  object space 47104K, 30% used [0x0000000081200000,0x0000000081ff9270,0x0000000084000000)
 Metaspace       used 34601K, capacity 35322K, committed 35416K, reserved 1081344K
  class space    used 4285K, capacity 4461K, committed 4480K, reserved 1048576K
Event: 12.849 GC heap after
Heap after GC invocations=14 (full 1):
 PSYoungGen      total 148992K, used 1094K [0x00000000d5b80000, 0x00000000df680000, 0x0000000100000000)
  eden space 139264K, 0% used [0x00000000d5b80000,0x00000000d5b80000,0x00000000de380000)
  from space 9728K, 11% used [0x00000000de380000,0x00000000de491b10,0x00000000ded00000)
  to   space 7680K, 0% used [0x00000000def00000,0x00000000def00000,0x00000000df680000)
 ParOldGen       total 47104K, used 17404K [0x0000000081200000, 0x0000000084000000, 0x00000000d5b80000)
  object space 47104K, 36% used [0x0000000081200000,0x00000000822ff2b0,0x0000000084000000)
 Metaspace       used 34601K, capacity 35322K, committed 35416K, reserved 1081344K
  class space    used 4285K, capacity 4461K, committed 4480K, reserved 1048576K
}
Event: 12.849 GC heap before
{Heap before GC invocations=15 (full 2):
 PSYoungGen      total 148992K, used 1094K [0x00000000d5b80000, 0x00000000df680000, 0x0000000100000000)
  eden space 139264K, 0% used [0x00000000d5b80000,0x00000000d5b80000,0x00000000de380000)
  from space 9728K, 11% used [0x00000000de380000,0x00000000de491b10,0x00000000ded00000)
  to   space 7680K, 0% used [0x00000000def00000,0x00000000def00000,0x00000000df680000)
 ParOldGen       total 47104K, used 17404K [0x0000000081200000, 0x0000000084000000, 0x00000000d5b80000)
  object space 47104K, 36% used [0x0000000081200000,0x00000000822ff2b0,0x0000000084000000)
 Metaspace       used 34601K, capacity 35322K, committed 35416K, reserved 1081344K
  class space    used 4285K, capacity 4461K, committed 4480K, reserved 1048576K
Event: 13.146 GC heap after
Heap after GC invocations=15 (full 2):
 PSYoungGen      total 148992K, used 0K [0x00000000d5b80000, 0x00000000df680000, 0x0000000100000000)
  eden space 139264K, 0% used [0x00000000d5b80000,0x00000000d5b80000,0x00000000de380000)
  from space 9728K, 0% used [0x00000000de380000,0x00000000de380000,0x00000000ded00000)
  to   space 7680K, 0% used [0x00000000def00000,0x00000000def00000,0x00000000df680000)
 ParOldGen       total 75776K, used 17019K [0x0000000081200000, 0x0000000085c00000, 0x00000000d5b80000)
  object space 75776K, 22% used [0x0000000081200000,0x000000008229ee80,0x0000000085c00000)
 Metaspace       used 34601K, capacity 35322K, committed 35416K, reserved 1081344K
  class space    used 4285K, capacity 4461K, committed 4480K, reserved 1048576K
}

